<?xml version="1.0" encoding="UTF-8"?>
<testng-results ignored="0" total="9" passed="9" failed="0" skipped="0">
  <reporter-output>
  </reporter-output>
  <suite started-at="2025-07-07T16:58:06 GMT" name="vendor-portal" finished-at="2025-07-07T16:58:10 GMT" duration-ms="4632">
    <groups>
    </groups>
    <test started-at="2025-07-07T16:58:06 GMT" name="user-john" finished-at="2025-07-07T16:58:10 GMT" duration-ms="3754">
      <class name="com.rperezv365.tests.vendorportal.VendorPortalTest">
        <test-method is-config="true" signature="setupConfig()[pri:0, instance:com.rperezv365.tests.vendorportal.VendorPortalTest@53251a66]" started-at="2025-07-07T16:58:06 GMT" name="setupConfig" finished-at="2025-07-07T16:58:06 GMT" duration-ms="6" status="PASS">
          <reporter-output>
          </reporter-output>
        </test-method> <!-- setupConfig -->
        <test-method is-config="true" signature="setDriver(org.testng.ITestContext)[pri:0, instance:com.rperezv365.tests.vendorportal.VendorPortalTest@53251a66]" started-at="2025-07-07T16:58:06 GMT" name="setDriver" finished-at="2025-07-07T16:58:07 GMT" duration-ms="1081" status="PASS">
          <params>
            <param index="0">
              <value>
                <![CDATA[org.testng.TestRunner@602e0143]]>
              </value>
            </param>
          </params>
          <reporter-output>
          </reporter-output>
        </test-method> <!-- setDriver -->
        <test-method is-config="true" signature="setPageObjects(java.lang.String)[pri:0, instance:com.rperezv365.tests.vendorportal.VendorPortalTest@53251a66]" started-at="2025-07-07T16:58:07 GMT" name="setPageObjects" finished-at="2025-07-07T16:58:07 GMT" depends-on-methods="com.rperezv365.tests.AbstractTest.setDriver" duration-ms="74" status="PASS">
          <params>
            <param index="0">
              <value>
                <![CDATA[test-data/vendor-portal/john.json]]>
              </value>
            </param>
          </params>
          <reporter-output>
          </reporter-output>
        </test-method> <!-- setPageObjects -->
        <test-method signature="loginTest()[pri:0, instance:com.rperezv365.tests.vendorportal.VendorPortalTest@53251a66]" started-at="2025-07-07T16:58:07 GMT" name="loginTest" finished-at="2025-07-07T16:58:07 GMT" duration-ms="491" status="PASS">
          <reporter-output>
          </reporter-output>
        </test-method> <!-- loginTest -->
        <test-method signature="dashboardTest()[pri:0, instance:com.rperezv365.tests.vendorportal.VendorPortalTest@53251a66]" started-at="2025-07-07T16:58:07 GMT" name="dashboardTest" finished-at="2025-07-07T16:58:08 GMT" depends-on-methods="com.rperezv365.tests.vendorportal.VendorPortalTest.loginTest" duration-ms="811" status="PASS">
          <reporter-output>
          </reporter-output>
        </test-method> <!-- dashboardTest -->
        <test-method signature="logoutTest()[pri:0, instance:com.rperezv365.tests.vendorportal.VendorPortalTest@53251a66]" started-at="2025-07-07T16:58:08 GMT" name="logoutTest" finished-at="2025-07-07T16:58:10 GMT" depends-on-methods="com.rperezv365.tests.vendorportal.VendorPortalTest.dashboardTest" duration-ms="1219" status="PASS">
          <reporter-output>
          </reporter-output>
        </test-method> <!-- logoutTest -->
        <test-method is-config="true" signature="quitDriver()[pri:0, instance:com.rperezv365.tests.vendorportal.VendorPortalTest@53251a66]" started-at="2025-07-07T16:58:10 GMT" name="quitDriver" finished-at="2025-07-07T16:58:10 GMT" duration-ms="70" status="PASS">
          <reporter-output>
          </reporter-output>
        </test-method> <!-- quitDriver -->
      </class> <!-- com.rperezv365.tests.vendorportal.VendorPortalTest -->
    </test> <!-- user-john -->
    <test started-at="2025-07-07T16:58:06 GMT" name="user-mike" finished-at="2025-07-07T16:58:10 GMT" duration-ms="4132">
      <class name="com.rperezv365.tests.vendorportal.VendorPortalTest">
        <test-method is-config="true" signature="setDriver(org.testng.ITestContext)[pri:0, instance:com.rperezv365.tests.vendorportal.VendorPortalTest@6057aebb]" started-at="2025-07-07T16:58:06 GMT" name="setDriver" finished-at="2025-07-07T16:58:07 GMT" duration-ms="1081" status="PASS">
          <params>
            <param index="0">
              <value>
                <![CDATA[org.testng.TestRunner@63fbfaeb]]>
              </value>
            </param>
          </params>
          <reporter-output>
          </reporter-output>
        </test-method> <!-- setDriver -->
        <test-method is-config="true" signature="setPageObjects(java.lang.String)[pri:0, instance:com.rperezv365.tests.vendorportal.VendorPortalTest@6057aebb]" started-at="2025-07-07T16:58:07 GMT" name="setPageObjects" finished-at="2025-07-07T16:58:07 GMT" depends-on-methods="com.rperezv365.tests.AbstractTest.setDriver" duration-ms="74" status="PASS">
          <params>
            <param index="0">
              <value>
                <![CDATA[test-data/vendor-portal/mike.json]]>
              </value>
            </param>
          </params>
          <reporter-output>
          </reporter-output>
        </test-method> <!-- setPageObjects -->
        <test-method signature="loginTest()[pri:0, instance:com.rperezv365.tests.vendorportal.VendorPortalTest@6057aebb]" started-at="2025-07-07T16:58:07 GMT" name="loginTest" finished-at="2025-07-07T16:58:07 GMT" duration-ms="491" status="PASS">
          <reporter-output>
          </reporter-output>
        </test-method> <!-- loginTest -->
        <test-method signature="dashboardTest()[pri:0, instance:com.rperezv365.tests.vendorportal.VendorPortalTest@6057aebb]" started-at="2025-07-07T16:58:07 GMT" name="dashboardTest" finished-at="2025-07-07T16:58:09 GMT" depends-on-methods="com.rperezv365.tests.vendorportal.VendorPortalTest.loginTest" duration-ms="1197" status="PASS">
          <reporter-output>
          </reporter-output>
        </test-method> <!-- dashboardTest -->
        <test-method signature="logoutTest()[pri:0, instance:com.rperezv365.tests.vendorportal.VendorPortalTest@6057aebb]" started-at="2025-07-07T16:58:09 GMT" name="logoutTest" finished-at="2025-07-07T16:58:10 GMT" depends-on-methods="com.rperezv365.tests.vendorportal.VendorPortalTest.dashboardTest" duration-ms="1211" status="PASS">
          <reporter-output>
          </reporter-output>
        </test-method> <!-- logoutTest -->
        <test-method is-config="true" signature="quitDriver()[pri:0, instance:com.rperezv365.tests.vendorportal.VendorPortalTest@6057aebb]" started-at="2025-07-07T16:58:10 GMT" name="quitDriver" finished-at="2025-07-07T16:58:10 GMT" duration-ms="70" status="PASS">
          <reporter-output>
          </reporter-output>
        </test-method> <!-- quitDriver -->
      </class> <!-- com.rperezv365.tests.vendorportal.VendorPortalTest -->
    </test> <!-- user-mike -->
    <test started-at="2025-07-07T16:58:06 GMT" name="user-sam" finished-at="2025-07-07T16:58:10 GMT" duration-ms="4632">
      <class name="com.rperezv365.tests.vendorportal.VendorPortalTest">
        <test-method is-config="true" signature="setDriver(org.testng.ITestContext)[pri:0, instance:com.rperezv365.tests.vendorportal.VendorPortalTest@55cf0d14]" started-at="2025-07-07T16:58:06 GMT" name="setDriver" finished-at="2025-07-07T16:58:07 GMT" duration-ms="1080" status="PASS">
          <params>
            <param index="0">
              <value>
                <![CDATA[org.testng.TestRunner@2c07545f]]>
              </value>
            </param>
          </params>
          <reporter-output>
          </reporter-output>
        </test-method> <!-- setDriver -->
        <test-method is-config="true" signature="setPageObjects(java.lang.String)[pri:0, instance:com.rperezv365.tests.vendorportal.VendorPortalTest@55cf0d14]" started-at="2025-07-07T16:58:07 GMT" name="setPageObjects" finished-at="2025-07-07T16:58:07 GMT" depends-on-methods="com.rperezv365.tests.AbstractTest.setDriver" duration-ms="74" status="PASS">
          <params>
            <param index="0">
              <value>
                <![CDATA[test-data/vendor-portal/sam.json]]>
              </value>
            </param>
          </params>
          <reporter-output>
          </reporter-output>
        </test-method> <!-- setPageObjects -->
        <test-method signature="loginTest()[pri:0, instance:com.rperezv365.tests.vendorportal.VendorPortalTest@55cf0d14]" started-at="2025-07-07T16:58:07 GMT" name="loginTest" finished-at="2025-07-07T16:58:07 GMT" duration-ms="487" status="PASS">
          <reporter-output>
          </reporter-output>
        </test-method> <!-- loginTest -->
        <test-method signature="dashboardTest()[pri:0, instance:com.rperezv365.tests.vendorportal.VendorPortalTest@55cf0d14]" started-at="2025-07-07T16:58:07 GMT" name="dashboardTest" finished-at="2025-07-07T16:58:09 GMT" depends-on-methods="com.rperezv365.tests.vendorportal.VendorPortalTest.loginTest" duration-ms="1685" status="PASS">
          <reporter-output>
          </reporter-output>
        </test-method> <!-- dashboardTest -->
        <test-method signature="logoutTest()[pri:0, instance:com.rperezv365.tests.vendorportal.VendorPortalTest@55cf0d14]" started-at="2025-07-07T16:58:09 GMT" name="logoutTest" finished-at="2025-07-07T16:58:10 GMT" depends-on-methods="com.rperezv365.tests.vendorportal.VendorPortalTest.dashboardTest" duration-ms="1223" status="PASS">
          <reporter-output>
          </reporter-output>
        </test-method> <!-- logoutTest -->
        <test-method is-config="true" signature="quitDriver()[pri:0, instance:com.rperezv365.tests.vendorportal.VendorPortalTest@55cf0d14]" started-at="2025-07-07T16:58:10 GMT" name="quitDriver" finished-at="2025-07-07T16:58:10 GMT" duration-ms="71" status="PASS">
          <reporter-output>
          </reporter-output>
        </test-method> <!-- quitDriver -->
      </class> <!-- com.rperezv365.tests.vendorportal.VendorPortalTest -->
    </test> <!-- user-sam -->
  </suite> <!-- vendor-portal -->
</testng-results>
